0 info it worked if it ends with ok
1 verbose cli [ '/usr/bin/nodejs',
1 verbose cli   '/usr/bin/npm',
1 verbose cli   'i',
1 verbose cli   '-g',
1 verbose cli   'public-ip',
1 verbose cli   'to',
1 verbose cli   'update' ]
2 info using npm@1.3.10
3 info using node@v0.10.25
4 verbose cache add [ 'public-ip', null ]
5 verbose cache add name=undefined spec="public-ip" args=["public-ip",null]
6 verbose parsed url { protocol: null,
6 verbose parsed url   slashes: null,
6 verbose parsed url   auth: null,
6 verbose parsed url   host: null,
6 verbose parsed url   port: null,
6 verbose parsed url   hostname: null,
6 verbose parsed url   hash: null,
6 verbose parsed url   search: null,
6 verbose parsed url   query: null,
6 verbose parsed url   pathname: 'public-ip',
6 verbose parsed url   path: 'public-ip',
6 verbose parsed url   href: 'public-ip' }
7 verbose cache add [ 'to', null ]
8 verbose cache add name=undefined spec="to" args=["to",null]
9 verbose parsed url { protocol: null,
9 verbose parsed url   slashes: null,
9 verbose parsed url   auth: null,
9 verbose parsed url   host: null,
9 verbose parsed url   port: null,
9 verbose parsed url   hostname: null,
9 verbose parsed url   hash: null,
9 verbose parsed url   search: null,
9 verbose parsed url   query: null,
9 verbose parsed url   pathname: 'to',
9 verbose parsed url   path: 'to',
9 verbose parsed url   href: 'to' }
10 verbose cache add [ 'update', null ]
11 verbose cache add name=undefined spec="update" args=["update",null]
12 verbose parsed url { protocol: null,
12 verbose parsed url   slashes: null,
12 verbose parsed url   auth: null,
12 verbose parsed url   host: null,
12 verbose parsed url   port: null,
12 verbose parsed url   hostname: null,
12 verbose parsed url   hash: null,
12 verbose parsed url   search: null,
12 verbose parsed url   query: null,
12 verbose parsed url   pathname: 'update',
12 verbose parsed url   path: 'update',
12 verbose parsed url   href: 'update' }
13 silly lockFile 419b3617-public-ip public-ip
14 verbose lock public-ip /home/ruben/.npm/419b3617-public-ip.lock
15 silly lockFile 4374aaee-to to
16 verbose lock to /home/ruben/.npm/4374aaee-to.lock
17 silly lockFile 0a25ba59-update update
18 verbose lock update /home/ruben/.npm/0a25ba59-update.lock
19 silly lockFile 419b3617-public-ip public-ip
20 silly lockFile 419b3617-public-ip public-ip
21 silly lockFile 4374aaee-to to
22 silly lockFile 4374aaee-to to
23 silly lockFile 0a25ba59-update update
24 silly lockFile 0a25ba59-update update
25 verbose addNamed [ 'public-ip', '' ]
26 verbose addNamed [ null, '*' ]
27 silly lockFile 5e84e388-public-ip public-ip@
28 verbose lock public-ip@ /home/ruben/.npm/5e84e388-public-ip.lock
29 verbose addNamed [ 'to', '' ]
30 verbose addNamed [ null, '*' ]
31 silly lockFile d4731923-to to@
32 verbose lock to@ /home/ruben/.npm/d4731923-to.lock
33 verbose addNamed [ 'update', '' ]
34 verbose addNamed [ null, '*' ]
35 silly lockFile f8258749-update update@
36 verbose lock update@ /home/ruben/.npm/f8258749-update.lock
37 silly addNameRange { name: 'public-ip', range: '*', hasData: false }
38 silly addNameRange { name: 'to', range: '*', hasData: false }
39 silly addNameRange { name: 'update', range: '*', hasData: false }
40 verbose url raw public-ip
41 verbose url resolving [ 'http://registry.npmjs.org/', './public-ip' ]
42 verbose url resolved http://registry.npmjs.org/public-ip
43 info trying registry request attempt 1 at 20:25:58
44 http GET http://registry.npmjs.org/public-ip
45 verbose url raw to
46 verbose url resolving [ 'http://registry.npmjs.org/', './to' ]
47 verbose url resolved http://registry.npmjs.org/to
48 info trying registry request attempt 1 at 20:25:58
49 http GET http://registry.npmjs.org/to
50 verbose url raw update
51 verbose url resolving [ 'http://registry.npmjs.org/', './update' ]
52 verbose url resolved http://registry.npmjs.org/update
53 info trying registry request attempt 1 at 20:25:58
54 http GET http://registry.npmjs.org/update
55 info retry will retry, error on last attempt: Error: CERT_UNTRUSTED
56 info retry will retry, error on last attempt: Error: CERT_UNTRUSTED
57 info retry will retry, error on last attempt: Error: CERT_UNTRUSTED
58 info trying registry request attempt 2 at 20:26:08
59 http GET http://registry.npmjs.org/public-ip
60 info trying registry request attempt 2 at 20:26:08
61 http GET http://registry.npmjs.org/to
62 info trying registry request attempt 2 at 20:26:08
63 http GET http://registry.npmjs.org/update
64 info retry will retry, error on last attempt: Error: CERT_UNTRUSTED
65 info retry will retry, error on last attempt: Error: CERT_UNTRUSTED
66 info retry will retry, error on last attempt: Error: CERT_UNTRUSTED
67 info trying registry request attempt 3 at 20:27:08
68 http GET http://registry.npmjs.org/public-ip
69 info trying registry request attempt 3 at 20:27:08
70 http GET http://registry.npmjs.org/to
71 info trying registry request attempt 3 at 20:27:08
72 http GET http://registry.npmjs.org/update
73 silly lockFile 5e84e388-public-ip public-ip@
74 silly lockFile 5e84e388-public-ip public-ip@
75 error Error: CERT_UNTRUSTED
75 error     at SecurePair.<anonymous> (tls.js:1370:32)
75 error     at SecurePair.EventEmitter.emit (events.js:92:17)
75 error     at SecurePair.maybeInitFinished (tls.js:982:10)
75 error     at CleartextStream.read [as _read] (tls.js:469:13)
75 error     at CleartextStream.Readable.read (_stream_readable.js:320:10)
75 error     at EncryptedStream.write [as _write] (tls.js:366:25)
75 error     at doWrite (_stream_writable.js:223:10)
75 error     at writeOrBuffer (_stream_writable.js:213:5)
75 error     at EncryptedStream.Writable.write (_stream_writable.js:180:11)
75 error     at write (_stream_readable.js:583:24)
75 error     at flow (_stream_readable.js:592:7)
75 error     at Socket.pipeOnReadable (_stream_readable.js:624:5)
76 error If you need help, you may report this log at:
76 error     <http://github.com/isaacs/npm/issues>
76 error or email it to:
76 error     <npm-@googlegroups.com>
77 error System Linux 4.4.0-127-generic
78 error command "/usr/bin/nodejs" "/usr/bin/npm" "i" "-g" "public-ip" "to" "update"
79 error cwd /home/ruben/data/node/prueba
80 error node -v v0.10.25
81 error npm -v 1.3.10
82 verbose exit [ 1, true ]
